WARNING:root:SNCF API error 404 : 75056-2B033
WARNING:root:SNCF API error 404 : 75056-2B050
WARNING:root:SNCF API error 404 : 75056-2A114
WARNING:root:SNCF API error 404 : 75056- 2A004
WARNING:root:SNCF API error 404 : 33063-2B033
WARNING:root:SNCF API error 404 : 33063-2A114
WARNING:root:SNCF API error 404 : 33063- 2A004
WARNING:root:Geocode error : BERGERAC-ROUMANIERE-PARIS-ORLY
WARNING:root:Geocode error : LA ROCHELLE-ILE DE RE-POITIERS-BIARD
WARNING:root:Geocode error : LA ROCHELLE-ILE DE RE-CLERMONT-FERRAND-AUVERGNE
WARNING:root:Geocode error : LA ROCHELLE-ILE DE RE-LYON SAINT-EXUPERY
WARNING:root:Geocode error : LA ROCHELLE-ILE DE RE-PARIS-ORLY
WARNING:root:SNCF API error 404 : 31555- 2A004
WARNING:root:SNCF API error 404 : 2B033-75056
WARNING:root:SNCF API error 404 : 2B033-33063
WARNING:root:SNCF API error 404 : 2B033-31555
WARNING:root:SNCF API error 404 : 2B033-69123
WARNING:root:SNCF API error 404 : 2B033-13055
WARNING:root:SNCF API error 404 : 2B033-06088
WARNING:root:SNCF API error 404 : 2B033-34172
WARNING:root:SNCF API error 404 : 2B033-75056
WARNING:root:SNCF API error 404 : 2B033-75056
WARNING:root:SNCF API error 404 : 2B033-59350
WARNING:root:SNCF API error 404 : 2B033-14118
WARNING:root:SNCF API error 404 : 2B033-44109
WARNING:root:SNCF API error 404 : 2B033-67482
WARNING:root:SNCF API error 404 : 2B050-75056
WARNING:root:SNCF API error 404 : 2B050-13055
WARNING:root:SNCF API error 404 : 2B050-06088
WARNING:root:SNCF API error 404 : 2B050-75056
WARNING:root:SNCF API error 404 : 2A114-75056
WARNING:root:SNCF API error 404 : 2A114-33063
WARNING:root:SNCF API error 404 : 2A114-31555
WARNING:root:SNCF API error 404 : 2A114-69123
WARNING:root:SNCF API error 404 : 2A114-13055
WARNING:root:SNCF API error 404 : 2A114-06088
WARNING:root:SNCF API error 404 : 2A114-60057
WARNING:root:SNCF API error 404 : 2A114-75056
WARNING:root:SNCF API error 404 : 2A114-75056
WARNING:root:SNCF API error 404 : 2A114-59350
WARNING:root:SNCF API error 404 : 2A114-44109
WARNING:root:SNCF API error 404 :  2A004-75056
WARNING:root:SNCF API error 404 :  2A004-33063
WARNING:root:SNCF API error 404 :  2A004-31555
WARNING:root:SNCF API error 404 :  2A004-69123
WARNING:root:SNCF API error 404 :  2A004-13055
WARNING:root:SNCF API error 404 :  2A004-06088
WARNING:root:SNCF API error 404 :  2A004-34172
WARNING:root:SNCF API error 404 :  2A004-75056
WARNING:root:SNCF API error 404 :  2A004-75056
WARNING:root:SNCF API error 404 :  2A004-59350
WARNING:root:SNCF API error 404 :  2A004-14118
WARNING:root:SNCF API error 404 :  2A004-44109
WARNING:root:SNCF API error 404 :  2A004-67482
WARNING:root:Geocode error : CLERMONT-FERRAND-AUVERGNE-LA ROCHELLE-ILE DE RE
WARNING:root:SNCF API error 404 : 69123-2B033
WARNING:root:SNCF API error 404 : 69123-2A114
WARNING:root:SNCF API error 404 : 69123- 2A004
WARNING:root:SNCF API error 404 : 13055-2B033
WARNING:root:SNCF API error 404 : 13055-2B050
WARNING:root:SNCF API error 404 : 13055-2A114
WARNING:root:SNCF API error 404 : 13055- 2A004
WARNING:root:SNCF API error 404 : 06088-2B033
WARNING:root:SNCF API error 404 : 06088-2A114
WARNING:root:SNCF API error 404 : 06088- 2A004
WARNING:root:SNCF API error 404 : 34172-2B033
WARNING:root:SNCF API error 404 : 34172- 2A004
WARNING:root:SNCF API error 404 : 75056-2B033
WARNING:root:SNCF API error 404 : 75056- 2A004
WARNING:root:SNCF API error 404 : 75056-2B033
WARNING:root:SNCF API error 404 : 75056-2B050
WARNING:root:SNCF API error 404 : 75056-2A114
WARNING:root:SNCF API error 404 : 75056- 2A004
WARNING:root:SNCF API error 404 : 59350-2B033
WARNING:root:SNCF API error 404 : 59350-2A114
WARNING:root:SNCF API error 404 : 59350- 2A004
WARNING:root:SNCF API error 404 : 14118-2B0330
WARNING:root:SNCF API error 404 : 14118-2A114
WARNING:root:SNCF API error 404 : 14118- 2A004
WARNING:root:SNCF API error 404 : 44109-2B033
WARNING:root:SNCF API error 404 : 44109-2A114
WARNING:root:SNCF API error 404 : 44109- 2A004
WARNING:root:SNCF API error 404 : 67482-2B033
WARNING:root:SNCF API error 404 : 67482-2A114
WARNING:root:SNCF API error 404 : 67482- 2A004
WARNING:root:Geocode error : CAYENNE-ROCHAMBEAU-MARIPASO
WARNING:root:Geocode error : AIME CESAIRE, MARTINIQUE-SAINT MARTIN, GRAND CASE, GUADELOUPE
WARNING:root:Geocode error : SAINT MARTIN, GRAND CASE, GUADELOUPE-AIME CESAIRE, MARTINIQUE
WARNING:root:Geocode error : SAINT MARTIN, GRAND CASE, GUADELOUPE-SAINT BARTHELEMY,FRENCH ANTILLES
WARNING:root:Geocode error : SAINT MARTIN, GRAND CASE, GUADELOUPE-POINTE-A-PITRE,LE RAIZET, GUADELOUPE
WARNING:root:Geocode error : SAINT BARTHELEMY,FRENCH ANTILLES-SAINT MARTIN, GRAND CASE, GUADELOUPE
WARNING:root:Geocode error : SAINT BARTHELEMY,FRENCH ANTILLES-POINTE-A-PITRE,LE RAIZET, GUADELOUPE
WARNING:root:Geocode error : POINTE-A-PITRE,LE RAIZET, GUADELOUPE-SAINT MARTIN, GRAND CASE, GUADELOUPE
WARNING:root:Geocode error : POINTE-A-PITRE,LE RAIZET, GUADELOUPE-SAINT BARTHELEMY,FRENCH ANTILLES
